<?xml version="1.0" encoding="UTF-8"?>
<!-- Generated by org.testng.reporters.JUnitReportReporter -->
<testsuite hostname="user12" failures="0" tests="5" name="Runners.ConduitArticle" time="26.420" errors="0" timestamp="2024-11-19T17:07:49 IST" skipped="0">
  <testcase classname="Runners.ConduitArticle" name="runScenario" time="1.044"/>
  <system-out/>
  <testcase classname="Runners.ConduitArticle" name="runScenario" time="9.737"/>
  <system-out/>
  <testcase classname="Runners.ConduitArticle" name="runScenario" time="7.053"/>
  <system-out/>
  <testcase classname="Runners.ConduitArticle" name="runScenario" time="6.837"/>
  <system-out/>
  <testcase classname="Runners.ConduitArticle" name="runScenario" time="1.749"/>
  <system-out/>
</testsuite> <!-- Runners.ConduitArticle -->
