<?xml version="1.0" encoding="UTF-8"?>
<!-- Generated by org.testng.reporters.JUnitReportReporter -->
<testsuite hostname="user12" failures="0" tests="5" name="Runners.ConduitArticle" time="28.271" errors="0" timestamp="2024-11-19T13:21:51 IST" skipped="0">
  <testcase classname="Runners.ConduitArticle" name="runScenario" time="1.110"/>
  <system-out/>
  <testcase classname="Runners.ConduitArticle" name="runScenario" time="7.174"/>
  <system-out/>
  <testcase classname="Runners.ConduitArticle" name="runScenario" time="6.484"/>
  <system-out/>
  <testcase classname="Runners.ConduitArticle" name="runScenario" time="10.635"/>
  <system-out/>
  <testcase classname="Runners.ConduitArticle" name="runScenario" time="2.868"/>
  <system-out/>
</testsuite> <!-- Runners.ConduitArticle -->
